d:\github\knapsack\greedyknapsack\greedyknapsack\debug\greedyknapsack.pch
d:\github\knapsack\greedyknapsack\greedyknapsack\debug\vc141.pdb
d:\github\knapsack\greedyknapsack\greedyknapsack\debug\vc141.idb
d:\github\knapsack\greedyknapsack\greedyknapsack\debug\pch.obj
d:\github\knapsack\greedyknapsack\debug\greedyknapsack.ilk
d:\github\knapsack\greedyknapsack\debug\greedyknapsack.exe
d:\github\knapsack\greedyknapsack\debug\greedyknapsack.pdb
c:\users\allen\documents\github\knapsack\greedyknapsack\greedyknapsack\debug\pch.obj
c:\users\allen\documents\github\knapsack\greedyknapsack\greedyknapsack\debug\greedyknapsack.pch
c:\users\allen\documents\github\knapsack\greedyknapsack\greedyknapsack\debug\vc141.idb
c:\users\allen\documents\github\knapsack\greedyknapsack\greedyknapsack\debug\vc141.pdb
c:\users\allen\documents\github\knapsack\greedyknapsack\debug\greedyknapsack.pdb
c:\users\allen\documents\github\knapsack\greedyknapsack\debug\greedyknapsack.exe
c:\users\allen\documents\github\knapsack\greedyknapsack\debug\greedyknapsack.ilk
c:\users\allen\documents\github\knapsack\greedyknapsack\greedyknapsack\debug\greedyknapsack.tlog\cl.command.1.tlog
c:\users\allen\documents\github\knapsack\greedyknapsack\greedyknapsack\debug\greedyknapsack.tlog\cl.read.1.tlog
c:\users\allen\documents\github\knapsack\greedyknapsack\greedyknapsack\debug\greedyknapsack.tlog\cl.write.1.tlog
c:\users\allen\documents\github\knapsack\greedyknapsack\greedyknapsack\debug\greedyknapsack.tlog\link.command.1.tlog
c:\users\allen\documents\github\knapsack\greedyknapsack\greedyknapsack\debug\greedyknapsack.tlog\link.read.1.tlog
c:\users\allen\documents\github\knapsack\greedyknapsack\greedyknapsack\debug\greedyknapsack.tlog\link.write.1.tlog
